         w __deregister_frame_info
         w __register_frame_info
         w userAppExit
         w userAppInit
00000000 00000401 B __ctru_dev_path_buf
00000000 b _TLS_MODULE_BASE_
00000000 a shift
00000404 00000802 B __ctru_dev_utf16_buf
00100000 A __start__
00100000 T _start
00100008 T __service_ptr
0010000c T __apt_appid
00100010 T __heap_size
00100014 T __linear_heap_size
00100018 T __system_arglist
0010001c T __system_runflags
00100020 t startup
00100058 t ClearMem
0010006c t ClrLoop
00100094 T _init
001000ac t .udivsi3_skip_div0_test
001000ac T __aeabi_uidiv
001000ac 000001ec T __udivsi3
00100298 00000020 T __aeabi_uidivmod
001002b8 00000004 W __aeabi_idiv0
001002b8 00000004 W __aeabi_ldiv0
001002bc T __aeabi_drsub
001002c4 000002b0 T __aeabi_dsub
001002c4 000002b0 T __subdf3
001002c8 000002ac T __adddf3
001002c8 000002ac T __aeabi_dadd
00100574 00000024 T __aeabi_ui2d
00100574 00000024 T __floatunsidf
00100598 00000028 T __aeabi_i2d
00100598 00000028 T __floatsidf
001005c0 00000048 T __aeabi_f2d
001005c0 00000048 T __extendsfdf2
00100608 00000074 T __aeabi_ul2d
00100608 00000074 T __floatundidf
0010061c 00000060 T __aeabi_l2d
0010061c 00000060 T __floatdidf
0010067c T __aeabi_ldivmod
00100768 00000390 T strcmp
00100af0 t __do_global_dtors_aux
00100b30 t frame_dummy
00100b5c 000000a0 T TriSetEnemy
00100bfc 00000040 T TriDrawEnemy
00100c3c 000000c4 T initSprites
00100d00 000003a8 T main
001010a8 00000034 t C2Di_FrameEndHook
001010e0 00000330 T C2D_Init
00101410 00000044 T C2D_Fini
00101454 000000d0 T C2D_Prepare
00101524 0000003c T C2D_Flush
00101560 00000108 T C2D_SceneSize
00101668 00000058 T C2D_CreateScreenTarget
001016c0 00000058 T C2D_TargetClear
00101718 0000013c T C2Di_CalcQuad
00101854 0000022c T C2Di_Update
00101a80 000002f8 T C2D_DrawImage
00101d78 00000134 T C2D_DrawTriangle
00101eac 000001b0 T C2D_DrawRectangle
0010205c 0000006c T C2D_SpriteSheetLoadFromHandle
001020c8 00000048 T C2D_SpriteSheetLoad
00102110 00000008 T C2D_SpriteSheetCount
00102118 0000002c T C2D_SpriteSheetGetImage
00102144 00000004 W C3Di_LightEnvUpdate
00102148 00000004 W C3Di_LightEnvDirty
0010214c 000000b4 t C3Di_AptEventHook
00102200 00000004 W C3Di_GasUpdate
00102204 000001e0 T C3D_Init
001023e4 00000098 T C3D_SetViewport
0010247c 000004ec T C3Di_UpdateContext
00102968 000000e0 T C3Di_SplitFrame
00102a48 00000044 T C3D_Fini
00102a8c 00000108 T C3D_BindProgram
00102b94 0000004c t onVBlank0
00102be0 0000004c t onVBlank1
00102c2c 00000080 t C3Di_RenderTargetDestroy
00102cac 000000f4 t onQueueFinish
00102da0 00000038 T C3Di_RenderQueueEnableVBlank
00102dd8 00000030 T C3Di_RenderQueueDisableVBlank
00102e08 00000060 T C3Di_RenderQueueInit
00102e68 000000b0 T C3Di_RenderQueueExit
00102f18 00000034 T C3Di_RenderQueueWaitDone
00102f4c 000000e4 T C3D_FrameBegin
00103030 00000048 T C3D_FrameDrawOn
00103078 00000058 T C3D_FrameSplit
001030d0 000001d8 T C3D_FrameEnd
001032a8 0000001c T C3D_FrameEndHook
001032c4 00000128 T C3D_RenderTargetCreate
001033ec 000000a8 T C3D_RenderTargetSetOutput
00103494 000000fc T C3D_SyncTextureCopy
00103590 000002a0 T C3D_TexInitWithParams
00103830 000000c8 T C3D_TexLoadImage
001038f8 00000044 T C3D_TexBind
0010393c 00000074 T C3D_TexDelete
001039b0 0000016c T C3Di_SetTex
00103b1c 000003f4 t Tex3DSi_ImportCommon
00103f10 00000038 T Tex3DS_TextureImportStdio
00103f48 00000008 T Tex3DS_GetNumSubTextures
00103f50 0000001c T Tex3DS_GetSubTexture
00103f6c 0000001c T C3D_CalcColorBufSize
00103f88 0000001c T C3D_CalcDepthBufSize
00103fa4 00000044 T C3D_SetFrameBuf
00103fe8 0000016c T C3Di_FrameBufBind
00104154 000000cc T C3D_FrameBufClear
00104220 00000044 T C3D_FrameBufTransfer
00104264 00000034 T C3D_GetTexEnv
00104298 00000024 T C3Di_TexEnvBind
001042bc 00000070 T C3D_ProcTexInit
0010432c 00000054 T C3D_ProcTexBind
00104380 0000005c T C3D_ProcTexLutBind
001043dc 000000a4 T ProcTexLut_FromArray
00104480 0000017c T C3Di_ProcTexUpdate
001045fc 00000068 T C3Di_ProcTexDirty
00104664 00000024 T BufInfo_Init
00104688 00000080 T BufInfo_Add
00104708 00000040 T C3D_SetBufInfo
00104748 00000048 T C3Di_BufInfoBind
00104790 00000148 T C3D_DrawArrays
001048d8 00000040 T C3D_DepthMap
00104918 0000001c T C3D_CullFace
00104934 00000040 T C3D_StencilTest
00104974 00000024 T C3D_StencilOp
00104998 0000001c T C3D_BlendingColor
001049b4 00000024 T C3D_EarlyDepthTest
001049d8 0000002c T C3D_DepthTest
00104a04 0000002c T C3D_AlphaTest
00104a30 00000050 T C3D_AlphaBlend
00104a80 00000030 T C3D_FragOpMode
00104ab0 00000044 T C3D_FragOpShadow
00104af4 000001ac T C3Di_EffectBind
00104ca0 00000028 T AttrInfo_Init
00104cc8 00000098 T AttrInfo_AddLoader
00104d60 00000054 T C3D_SetAttrInfo
00104db4 00000080 T C3Di_AttrInfoBind
00104e34 000000a8 T C3D_ImmSendAttrib
00104edc 0000029c T C3D_UpdateUniforms
00105178 000000c0 T C3Di_DirtyUniforms
00105238 000000d8 T C3Di_LoadShaderUniforms
00105310 00000028 T C3Di_ClearShaderUniforms
00105338 000000cc T Mtx_Ortho
00105404 000000cc T Mtx_OrthoTilt
001054d0 00000024 t addrMapNodeComparator(rbtree_node const*, rbtree_node const*)
001054f4 00000004 t addrMapNodeDestructor(rbtree_node*)
001054f8 00000114 T vramMemAlign
0010560c 00000008 T vramAlloc
00105614 0000005c T vramFree
00105670 00000024 t addrMapNodeComparator(rbtree_node const*, rbtree_node const*)
00105694 00000004 t addrMapNodeDestructor(rbtree_node*)
00105698 00000120 T linearMemAlign
001057b8 00000008 T linearAlloc
001057c0 0000005c T linearFree
0010581c 00000084 T MemPool::CoalesceRight(MemBlock*)
001058a0 00000170 T MemPool::Allocate(MemChunk&, unsigned long, int)
00105a10 000000fc T MemPool::Deallocate(MemChunk const&)
00105b0c 00000008 t romfs_close
00105b14 000000c8 t romfs_seek
00105bdc 00000024 t romfs_dirreset
00105c00 000000c8 t fill_dir
00105cc8 000002b0 t romfs_dirnext
00105f78 00000084 t romfs_free
00105ffc 000000d4 t searchForFile.constprop.0
001060d0 000000d8 t searchForDir.constprop.0
001061a8 000001c0 t navigateToDir.constprop.0
00106368 00000128 t romfs_open
00106490 0000004c t romfs_chdir
001064dc 00000070 t romfs_diropen
0010654c 0000017c t romfs_stat
001066c8 00000008 t romfs_dirclose
001066d0 0000007c t romfs_fstat
0010674c 000000d4 t romfs_read
00106820 00000290 T romfsMountFromFile
00106ab0 00000098 T romfsMountFromCurrentProcess
00106b48 0000025c T romfsMountSelf
00106da4 000000ac T romfsUnmount
00106e50 00000074 T osConvertVirtToPhys
00106ec4 00000054 T osGetTimeRef
00106f18 000000e4 T osGetTime
00106ffc 00000074 T __libctru_gtod
00107070 00000034 T __ctru_speedup_config
001070a4 000000d0 t gfxPresentFramebuffer
00107174 0000001c T gfxIsWide
00107190 000000ec T gfxSetScreenFormat
0010727c 00000108 T gfxInit
00107384 00000010 T gfxInitDefault
00107394 000000b4 T gfxExit
00107448 000000a0 T gfxGetFramebuffer
001074e8 00000030 T gfxScreenSwapBuffers
00107518 000001e0 T shaderInstanceInit
001076f8 00000018 T shaderInstanceGetUniformLocation
00107710 0000001c T shaderProgramInit
0010772c 00000064 T shaderProgramFree
00107790 00000080 T shaderProgramSetVsh
00107810 000008c0 T shaderProgramConfigure
001080d0 000001f8 t DVLE_GenerateOutmap.part.0
001082c8 000001cc T DVLB_ParseFile
00108494 00000038 T DVLB_Free
001084cc 00000074 T DVLE_GetUniformRegister
00108540 00000010 T GX_BindQueue
00108550 00000078 T GX_ProcessCommandList
001085c8 00000074 T GX_MemoryFill
0010863c 00000070 T GX_DisplayTransfer
001086ac 00000074 T GX_TextureCopy
00108720 00000068 t gxCmdQueueDoCommands.part.0
00108788 000000c8 T gxCmdQueueInterrupt
00108850 0000004c T gxCmdQueueClear
0010889c 000000f8 T gxCmdQueueAdd
00108994 00000080 T gxCmdQueueRun
00108a14 00000060 T gxCmdQueueStop
00108a74 00000074 T gxCmdQueueWait
00108ae8 0000013c T GPUCMD_Add
00108c24 000000ac T GPUCMD_Split
00108cd0 00000040 T f32tof16
00108d10 00000040 T f32tof24
00108d50 00000044 T f32tof31
00108d94 00000c58 t gspHardwareInit
001099ec 00000254 T gspInit
00109c40 000000f0 T gspExit
00109d30 00000010 T gspHasGpuRight
00109d40 00000098 T gspPresentBuffer
00109dd8 00000030 T gspSetEventCallback
00109e08 00000050 T gspWaitForEvent
00109e58 0000004c T gspWaitForAnyEvent
00109ea4 00000160 t gspEventThreadMain
0010a004 00000130 T gspSubmitGxCommand
0010a134 00000050 T GSPGPU_FlushDataCache
0010a184 00000034 T GSPGPU_SetLcdForceBlack
0010a1b8 00000068 T GSPGPU_AcquireRight
0010a220 00000048 T GSPGPU_ReleaseRight
0010a268 0000007c T GSPGPU_ImportDisplayCaptureInfo
0010a2e4 0000002c T GSPGPU_SaveVramSysArea
0010a310 0000002c T GSPGPU_RestoreVramSysArea
0010a33c 000001b0 t aptConvertScreenForCapture
0010a4ec 00000008 W aptDspSleep
0010a4f4 00000004 W aptDspWakeup
0010a4f8 00000004 W aptDspCancel
0010a4fc 0000015c T aptSendCommand
0010a658 00000038 t aptExitProcess
0010a690 000002f0 T aptExit
0010a980 000000d8 T aptHandleSleep
0010aa58 00000030 T aptHook
0010aa88 00000030 T aptUnhook
0010aab8 00000084 T APT_SleepIfShellClosed
0010ab3c 00000084 T aptSetSleepAllowed
0010abc0 00000084 T APT_UnlockTransition
0010ac48 00000484 t aptEventHandler
0010b0cc 000000b0 T APT_ReceiveParameter
0010b17c 000000b0 t aptReceiveParameter.constprop.0
0010b230 000002bc t aptScreenTransfer
0010b4ec 000002d0 t aptWaitForWakeUp.isra.0
0010b7bc 000000f8 T aptJumpToHomeMenu
0010b8b4 0000004c T aptMainLoop
0010b900 00000234 T aptInit
0010bb34 0000007c T APT_CheckNew3DS
0010bbb0 00000024 W hidShouldUseIrrst
0010bbd4 0000018c T hidInit
0010bd60 000000e8 T hidExit
0010be48 00000294 T hidScanInput
0010c0dc 00000010 T hidKeysHeld
0010c0ec 00000010 T hidKeysDown
0010c0fc 00000018 T hidTouchRead
0010c114 00000074 T ptmSysmInit
0010c188 0000003c T ptmSysmExit
0010c1c4 00000034 T PTMSYSM_ConfigureNew3DSCPU
0010c1f8 000000c8 T fsInit
0010c2c0 0000003c T fsExit
0010c2fc 00000060 T fsExemptFromSession
0010c35c 00000050 T fsUnexemptFromSession
0010c3ac 000000cc T FSUSER_OpenFile
0010c478 000000d4 T FSUSER_OpenFileDirectly
0010c54c 000000bc T FSUSER_DeleteFile
0010c608 000000f8 T FSUSER_RenameFile
0010c700 000000bc T FSUSER_DeleteDirectory
0010c7bc 000000d4 T FSUSER_CreateFile
0010c890 000000c4 T FSUSER_CreateDirectory
0010c954 000000f8 T FSUSER_RenameDirectory
0010ca4c 000000b4 T FSUSER_OpenDirectory
0010cb00 00000094 T FSUSER_OpenArchive
0010cb94 0000008c T FSUSER_CloseArchive
0010cc20 00000074 T FSUSER_GetSdmcArchiveResource
0010cc94 00000064 T FSUSER_IsSdmcWritable
0010ccf8 00000058 T FSFILE_Read
0010cd50 00000060 T FSFILE_Write
0010cdb0 00000038 T FSFILE_GetSize
0010cde8 00000028 T FSFILE_SetSize
0010ce10 0000003c T FSFILE_Close
0010ce4c 00000024 T FSFILE_Flush
0010ce70 00000050 T FSDIR_Read
0010cec0 0000003c T FSDIR_Close
0010cefc 000000cc t buffer_read
0010cfc8 000000d0 t iov_read
0010d098 00000128 t iov_memmove
0010d1c0 000001d8 t decompress_rle
0010d398 00000258 t decompress_lzss
0010d5f0 000002ec t decompress_huff.part.0
0010d8dc 00000440 t decompress_lz11
0010dd1c 00000010 T decompressCallback_Stdio
0010dd2c 000000e4 T decompressHeader
0010de10 00000250 T decompressV
0010e060 00000010 T rbtree_init
0010e070 000001a0 t do_insert
0010e210 00000008 T rbtree_insert
0010e218 00000090 T rbtree_rotate
0010e2a8 00000338 T rbtree_remove
0010e5e0 00000074 T rbtree_find
0010e654 000000e8 T utf16_to_utf8
0010e73c 00000064 T decode_utf16
0010e7a0 0000013c T decode_utf8
0010e8dc 000000c0 T utf8_to_utf16
0010e9a0 000001e0 W __system_allocateHeaps
0010eb80 00000038 W __libctru_init
0010ebb8 000000f0 W __system_initArgv
0010eca8 T svcControlMemory
0010ecc8 T svcQueryMemory
0010ecf8 T svcExitProcess
0010ed00 T svcCreateThread
0010ed20 T svcExitThread
0010ed28 T svcSleepThread
0010ed30 T svcReleaseMutex
0010ed38 T svcCreateEvent
0010ed4c T svcSignalEvent
0010ed54 T svcClearEvent
0010ed5c T svcMapMemoryBlock
0010ed64 T svcUnmapMemoryBlock
0010ed6c T svcCreateAddressArbiter
0010ed80 T svcArbitrateAddressNoTimeout
0010ed88 T svcCloseHandle
0010ed90 T svcWaitSynchronization
0010ed98 T svcWaitSynchronizationN
0010edc0 T svcDuplicateHandle
0010edd4 T svcGetSystemTick
0010eddc T svcConnectToPort
0010edf0 T svcSendSyncRequest
0010edf8 T svcGetResourceLimit
0010ee0c T svcGetResourceLimitLimitValues
0010ee14 T svcGetResourceLimitCurrentValues
0010ee1c T svcBreak
0010ee24 W initSystem
0010ee74 W __ctru_exit
0010ee8c T __aeabi_read_tp
0010ee98 0000000c T __sync_init
0010eea4 00000018 T __sync_fini
0010eebc 0000002c T syncArbitrateAddress
0010eee8 0000001c T LightLock_Init
0010ef04 00000094 T LightLock_Lock
0010ef98 00000044 T LightLock_TryLock
0010efdc 00000040 T LightLock_Unlock
0010f01c 00000024 T RecursiveLock_Init
0010f040 00000030 T RecursiveLock_Lock
0010f070 00000078 T RecursiveLock_TryLock
0010f0e8 00000054 T RecursiveLock_Unlock
0010f13c 00000040 T LightEvent_Init
0010f17c 000000a4 T LightEvent_Clear
0010f220 000000c8 T LightEvent_Signal
0010f2e8 00000058 T LightEvent_TryWait
0010f340 000000b0 T LightEvent_Wait
0010f3f0 00000084 W envGetHandle
0010f474 00000050 W envDestroyHandles
0010f4c4 00000124 T srvInit
0010f5e8 00000058 T srvExit
0010f640 00000080 T srvGetServiceHandleDirect
0010f6c0 00000048 T srvGetServiceHandle
0010f708 00000038 T srvPublishToSubscriber
0010f740 00000188 T threadCreate
0010f8c8 0000002c T threadFree
0010f8f4 00000024 T threadJoin
0010f918 00000030 T threadGetCurrent
0010f948 00000040 T threadExit
0010f988 00000044 t _thread_begin
0010f9cc 00000094 t mappableFindAddressWithin
0010fa60 00000028 T mappableInit
0010fa88 00000080 T mappableAlloc
0010fb08 00000004 T mappableFree
0010fb0c 00000160 T irrstInit
0010fc6c 000000cc T irrstExit
0010fd38 000000b0 T irrstScanInput
0010fde8 00000024 T irrstKeysHeld
0010fe0c 0000000c T srvPmGetSessionHandle
0010fe18 00000050 T rbtree_node_next
0010fe68 00000060 T encode_utf16
0010fec8 000000fc T encode_utf8
0010ffc4 00000030 W __appInit
0010fff4 00000030 t __libctru_nanosleep
00110024 00000030 t __libctru_get_reent
00110054 000000f8 T __system_initSyscalls
0011014c 00000030 W __appExit
0011017c 00000090 W __libctru_exit
0011020c 00000014 t archive_link
00110220 00000014 t archive_dirreset
00110234 00000014 t archive_chmod
00110248 00000024 t error_cmp
0011026c 00000050 t archive_translate_error
001102bc 000000d4 t archive_seek
00110390 0000007c t _archiveInit.part.0
0011040c 0000008c t archiveFindDevice.part.0
00110498 00000294 t archive_utf16path
0011072c 000000a0 t _archiveUnmountDeviceStruct.part.0
001107cc 00000014 t archive_fchmod
001107e0 00000014 t archive_statvfs
001107f4 00000158 t _archiveMountDevice
0011094c 000000e8 t archive_diropen
00110a34 000000a4 t archive_fstat
00110ad8 0000006c t archive_close
00110b44 0000006c t archive_fsync
00110bb0 00000070 t archive_dirclose
00110c20 000000e8 t sdmc_statvfs
00110d08 00000080 t archive_ftruncate
00110d88 000000fc t archive_chdir
00110e84 000000b0 t archive_read
00110f34 000000ac t archive_unlink
00110fe0 000000c8 t archive_rmdir
001110a8 000000ec t archive_mkdir
00111194 000001a8 t archive_stat
0011133c 00000184 t archive_rename
001114c0 00000168 t archive_dirnext
00111628 0000012c t archive_write
00111754 000001f0 t archive_open
00111944 000001a4 T archiveMountSdmc
00111ae8 00000054 T archiveUnmountAll
00111b40 0000022c T cosf
00111d6c 00000024 t with_errnof
00111d90 0000001c T __math_invalidf
00111db0 0000026c T sinf
0011201c 00000120 T __udivmoddi4
0011213c 00000078 T bsearch
001121b4 00000028 T calloc
001121dc 000000bc T _calloc_r
00112298 0000000c T __errno
001122a4 00000034 T exit
001122d8 00000160 T _fclose_r
00112438 00000020 T fclose
00112458 00000258 T __sflush_r
001126b0 00000094 T _fflush_r
00112744 00000038 T fflush
0011277c 0000000c T _cleanup_r
00112788 00000184 T __sinit
0011290c 00000134 T __sfp
00112a40 0000000c T __sfp_lock_acquire
00112a4c 0000000c T __sfp_lock_release
00112a58 0000003c T __libc_fini_array
00112a94 00000140 T _fopen_r
00112bd4 00000028 T fopen
00112bfc 000002d4 T _fread_r
00112ed0 00000038 T fread
00112f08 000000f8 T _malloc_trim_r
00113000 000002e4 T _free_r
001132e4 0000001c T _fseek_r
00113300 00000598 T _fseeko_r
00113898 00000068 T _fwalk
00113900 00000070 T _fwalk_reent
00113970 0000007c T __libc_init_array
001139ec 00000138 T __smakebuf_r
00113b24 0000008c T __swhatbuf_r
00113bb0 00000028 T memalign
00113bd8 00000150 T _memalign_r
00113d28 00000020 T malloc
00113d48 00000020 T free
00113d68 000007e0 T _malloc_r
00114548 000000a8 T memcmp
001145f0 0000011c T memcpy
0011470c 00000118 T memset
00114824 0000000c T __malloc_lock
00114830 0000000c T __malloc_unlock
0011483c 0000001c T srand
00114858 00000044 T rand
0011489c 0000001c t lflush
001148b8 000001ac T __srefill_r
00114a64 00000260 T setvbuf
00114cc4 00000044 T __sread
00114d08 00000068 T __swrite
00114d70 00000048 T __sseek
00114db8 00000008 T __sclose
00114dc0 0000012c T strchr
00114eec 0000005c T strlen
00114f48 000000ec T strncat
00115034 000000dc T strncmp
00115110 000000c0 T strncpy
001151d0 00000048 T strnlen
00115218 0000003c T time
00115254 00000114 T __call_exitprocs
00115368 000000cc T __sflags
00115434 00000008 t null_write
0011543c 00000018 T setDefaultDevice
00115454 000000c8 T FindDevice
0011551c 00000028 T RemoveDevice
00115544 0000009c T AddDevice
001155e0 00000020 T GetDeviceOpTab
00115600 00000078 T _fstat_r
00115678 00000038 T _gettimeofday_r
001156b0 00000008 T _isatty_r
001156b8 00000084 T _lseek_r
0011573c 000000c8 T _open_r
00115804 00000080 T _read_r
00115884 00000078 T _sbrk_r
001158fc 00000080 T _write_r
0011597c 00000024 T _exit
001159a0 000001b8 T _concatenate_path
00115b58 00000160 T chdir
00115cb8 00000008 T __flockfile
00115cc0 00000008 T __funlockfile
00115cc8 00000018 T __libc_lock_acquire
00115ce0 00000018 T __libc_lock_release
00115cf8 00000018 T __libc_lock_init_recursive
00115d10 00000018 T __libc_lock_acquire_recursive
00115d28 00000018 T __libc_lock_release_recursive
00115d40 00000018 T __libc_lock_close_recursive
00115d58 0000008c T __release_handle
00115de4 000000b4 T __alloc_handle
00115e98 0000003c T __get_handle
00115ed4 000000f4 T _close_r
00115fc8 00000028 T __getreent
00115ff0 00000044 T strrchr
00116034 T _fini
0011708c R render2d_shbin
00117218 R render2d_shbin_end
00117218 R render2d_shbin_size
0011721c 00000038 r CSWTCH.18
00117254 00000005 r colorFmtSizes
0011725c 00000004 r depthFmtSizes
00117260 00000010 r CSWTCH.9
00117294 00000070 r romFS_devoptab
00117328 00000008 r morton_x.3
00117330 00000008 r morton_y.2
00117338 00000008 r s_sleepWakeEvents.4
00117398 00000070 r archive_devoptab
00117408 00000030 r error_table
00117438 00000060 R __inv_pio4
00117498 000000e0 R __sincosf_table
00117578 00000004 R _global_impure_ptr
0011757c 00000101 R _ctype_
00117680 00000070 R dotab_stdnull
001176f0 r 
001176f0 R __exidx_end
001176f0 R __exidx_start
00118000 00000004 d framerate
00118004 00000008 d framerateCounter
0011800c 00000004 d queueLock
00118010 00000004 d kCount
00118014 00000004 d kDelay
00118018 00000004 d kInterval
0011801c W __stacksize__
00118020 0000000c d __sfp_recursive_mutex
0011802c 0000000c d __sinit_recursive_mutex
00118038 00000004 D _impure_ptr
00118040 00000460 d impure_data
001184a0 00000408 D __malloc_av_
001188a8 00000004 D __malloc_sbrk_base
001188ac 00000004 D __malloc_trim_threshold
001188b0 0000000c d __malloc_recursive_mutex
001188bc 0000000c D __atexit_recursive_mutex
001188c8 00000004 d defaultDevice
001188cc 0000008c D devoptab_list
00118958 00000400 d _current_working_directory
00118d58 00000004 d __hndl_lock
00118d5c 0000000c d __stderr_handle
00118d68 0000000c d __stdin_handle
00118d74 0000000c d __stdout_handle
00118d80 00001000 d handles
00119d88 d _GLOBAL_OFFSET_TABLE_
00119d94 d __frame_dummy_init_array_entry
00119d94 D __init_array_start
00119d94 B __preinit_array_end
00119d94 B __preinit_array_start
00119d94 D __tdata_lma
00119d94 D __tdata_lma_end
00119d98 d __do_global_dtors_aux_fini_array_entry
00119d98 D __fini_array_start
00119d98 D __init_array_end
00119d9c D __bss_start__
00119d9c D __fini_array_end
00119d9c 0000001c b Txt
00119db8 00000004 B spriteSheet
00119dbc 00000060 B sprites
00119e1c b completed.1
00119e20 b object.0
00119e38 000005a0 B __C2Di_Context
0011a3d8 00000040 b s_projBot
0011a418 00000040 b s_projTop
0011a458 00000004 b uLoc_mdlvMtx
0011a45c 00000004 b uLoc_projMtx
0011a460 000002d0 B __C3D_Context
0011a730 0000000c b hookCookie
0011a740 00000010 b cpuTime
0011a750 00000004 b firstTarget
0011a754 00000008 b frameCounter
0011a75c 00000004 b frameEndCb
0011a760 00000004 b frameEndCbData
0011a768 00000010 b gpuTime
0011a778 00000001 b inFrame
0011a779 00000001 b inSafeTransfer
0011a77a 00000001 b isTopStereo
0011a77c 00000004 b lastTarget
0011a780 0000000c b linkedTarget
0011a78c 00000001 b measureGpuTime
0011a78d 00000001 b needSwapBot
0011a78e 00000001 b needSwapTop
0011a790 00000004 B C3D_BoolUnifs
0011a794 00000002 B C3D_BoolUnifsDirty
0011a798 00000c00 B C3D_FVUnif
0011b398 000000c0 B C3D_FVUnifDirty
0011b458 00000020 B C3D_IVUnif
0011b478 00000008 B C3D_IVUnifDirty
0011b480 000000c0 b C3Di_FVUnifEverDirty
0011b540 00000008 b C3Di_IVUnifEverDirty
0011b548 00000018 b C3Di_ShaderFVecData
0011b560 0000000c b sAddrMap
0011b56c 00000008 b sVramPool
0011b574 00000008 b sLinearPool
0011b57c 0000000c b sAddrMap
0011b588 00000004 V __romfs_path
0011b58c 00000004 b romfs_mount_list
0011b590 00000001 V __ctru_speedup
0011b594 00000004 b gfxBottomFramebufferMaxSize
0011b598 00000008 b gfxBottomFramebuffers
0011b5a0 00000002 b gfxCurBuf
0011b5a4 00000002 b gfxFramebufferFormats
0011b5a8 00000002 b gfxIsDoubleBuf
0011b5aa 00000001 b gfxIsVram
0011b5ac 00000004 b gfxTopFramebufferMaxSize
0011b5b0 00000008 b gfxTopFramebuffers
0011b5b8 00000001 b gfxTopMode
0011b5bc 00000004 b screenAlloc
0011b5c0 00000004 b screenFree
0011b5c4 00000004 b boundQueue
0011b5c8 00000004 b curQueue
0011b5cc 00000001 b isActive
0011b5cd 00000001 b isRunning
0011b5ce 00000001 b shouldStop
0011b5d0 00000004 B gpuCmdBuf
0011b5d4 00000004 B gpuCmdBufOffset
0011b5d8 00000004 B gpuCmdBufSize
0011b5dc 00000004 b gspEvent
0011b5e0 0000001c b gspEventCb
0011b5fc 0000001c b gspEventCbData
0011b618 00000007 b gspEventCbOneShot
0011b620 00000004 b gspEventThread
0011b624 00000038 b gspEvents
0011b65c 00000004 b gspGpuHandle
0011b660 00000001 b gspGpuRight
0011b664 00000004 b gspLastEvent
0011b668 00000004 b gspRefCount
0011b66c 00000001 b gspRunEvents
0011b670 00000004 b gspSharedMem
0011b674 00000004 b gspSharedMemHandle
0011b678 00000001 b gspThreadId
0011b679 00000001 b aptChainloadFlags
0011b67a 00000001 b aptChainloadMediatype
0011b680 00000008 b aptChainloadTid
0011b688 00000004 b aptEventHandlerThread
0011b68c 00000001 b aptEventHandlerThreadQuit
0011b690 00000008 b aptEvents
0011b698 0000000c b aptFirstHook
0011b6a4 00000004 b aptFlags
0011b6a8 00000001 b aptHomeButtonState
0011b6ac 00000004 b aptLockHandle
0011b6b0 00000004 b aptMessageFunc
0011b6b4 00000004 b aptMessageFuncData
0011b6b8 00001000 b aptParameters
0011c6b8 00000008 b aptReceiveEvent
0011c6c0 00000004 b aptRefCount
0011c6c4 00000008 b aptSleepEvent
0011c6cc 00000001 b flagInit.1
0011c6cd 00000001 b flagValue.0
0011c6d0 00000004 b serviceName.6
0011c6d4 00000006 b aVec
0011c6dc 00000004 b cPos
0011c6e0 00000006 b gRate
0011c6e8 00000014 B hidEvents
0011c6fc 00000004 B hidHandle
0011c700 00000004 B hidMemHandle
0011c704 00000004 b hidRefCount
0011c708 00000004 B hidSharedMem
0011c70c 00000004 b kDown
0011c710 00000004 b kHeld
0011c714 00000004 b kOld
0011c718 00000004 b kRepeat
0011c71c 00000004 b kUp
0011c720 00000004 b tPos
0011c724 00000001 b usingIrrst
0011c728 00000004 b ptmSysmHandle
0011c72c 00000004 b ptmSysmRefCount
0011c730 00000080 b fsExemptArchives
0011c7b0 00000004 b fsuHandle
0011c7b4 00000004 b fsuRefCount
0011c7b8 00000004 B __ctru_heap
0011c7bc 00000004 V __ctru_heap_size
0011c7c0 00000004 B __ctru_linear_heap
0011c7c4 00000004 V __ctru_linear_heap_size
0011c7c8 00000004 B __system_retAddr
0011c7cc 00000004 B __system_argc
0011c7d0 00000004 B __system_argv
0011c7d4 b saved_stack
0011c7dc 00000004 b arbiter
0011c7e0 00000004 b srvHandle
0011c7e4 00000004 b srvRefCount
0011c7e8 00000004 b currentAddr
0011c7ec 00000004 b maxAddr
0011c7f0 00000004 b minAddr
0011c7f4 00000004 b csPos
0011c7f8 00000004 B irrstEvent
0011c7fc 00000004 B irrstHandle
0011c800 00000004 B irrstMemHandle
0011c804 00000004 b irrstRefCount
0011c808 00000004 B irrstSharedMem
0011c80c 00000004 b kHeld
0011c810 00000004 b srvPmHandle
0011c814 00000004 b archive_device_cwd
0011c818 00000540 b archive_devices
0011cd58 00000001 b archive_initialized
0011cd5c 00000028 B __malloc_current_mallinfo
0011cd84 00000004 B __malloc_max_sbrked_mem
0011cd88 00000004 B __malloc_max_total_mem
0011cd8c 00000004 B __malloc_top_pad
0011cd90 00000004 b heap_start.0
0011cd94 00000004 B fake_heap_end
0011cd98 00000004 B fake_heap_start
0011cd9c 00000400 b temp_cwd
0011d19c 00000048 B __syscalls
0011d1e4 B __tls_start
0011ddec B __bss_end__
0011ddec A __end__
0011ddec B __tls_end
