         w __deregister_frame_info
         w __register_frame_info
         w userAppExit
         w userAppInit
00000000 00000401 B __ctru_dev_path_buf
00000000 b _TLS_MODULE_BASE_
00000000 a shift
00000000 a shift
00000404 00000802 B __ctru_dev_utf16_buf
00100000 A __start__
00100000 T _start
00100008 T __service_ptr
0010000c T __apt_appid
00100010 T __heap_size
00100014 T __linear_heap_size
00100018 T __system_arglist
0010001c T __system_runflags
00100020 t startup
00100058 t ClearMem
0010006c t ClrLoop
00100094 T _init
001000ac t .udivsi3_skip_div0_test
001000ac T __aeabi_uidiv
001000ac 000001ec T __udivsi3
00100298 00000020 T __aeabi_uidivmod
001002b8 T __aeabi_idiv
001002b8 00000220 T __divsi3
001002c0 t .divsi3_skip_div0_test
001004d8 00000020 T __aeabi_idivmod
001004f8 00000004 W __aeabi_idiv0
001004f8 00000004 W __aeabi_ldiv0
001004fc T __aeabi_drsub
00100504 000002b0 T __aeabi_dsub
00100504 000002b0 T __subdf3
00100508 000002ac T __adddf3
00100508 000002ac T __aeabi_dadd
001007b4 00000024 T __aeabi_ui2d
001007b4 00000024 T __floatunsidf
001007d8 00000028 T __aeabi_i2d
001007d8 00000028 T __floatsidf
00100800 00000048 T __aeabi_f2d
00100800 00000048 T __extendsfdf2
00100848 00000074 T __aeabi_ul2d
00100848 00000074 T __floatundidf
0010085c 00000060 T __aeabi_l2d
0010085c 00000060 T __floatdidf
001008bc T __aeabi_ldivmod
00100990 T __aeabi_uldivmod
001009e8 00000390 T strcmp
00100d70 t __do_global_dtors_aux
00100db0 t frame_dummy
00100ddc 00000030 T GenerateRandomInt
00100e0c 00000044 T DrawPlayer
00100e50 00000098 T SetEnemy
00100ee8 00000044 T DrawEnemy
00100f30 0000039c T main
001012cc 00000034 t C2Di_FrameEndHook
00101300 00000330 T C2D_Init
00101630 00000044 T C2D_Fini
00101674 000000d0 T C2D_Prepare
00101744 0000003c T C2D_Flush
00101780 00000108 T C2D_SceneSize
00101888 00000058 T C2D_CreateScreenTarget
001018e0 00000058 T C2D_TargetClear
00101938 0000022c T C2Di_Update
00101b64 00000134 T C2D_DrawTriangle
00101c98 00000004 W C3Di_LightEnvUpdate
00101c9c 00000004 W C3Di_LightEnvDirty
00101ca0 000000b4 t C3Di_AptEventHook
00101d54 00000004 W C3Di_GasUpdate
00101d58 000001e0 T C3D_Init
00101f38 00000098 T C3D_SetViewport
00101fd0 000004ec T C3Di_UpdateContext
001024bc 000000e0 T C3Di_SplitFrame
0010259c 00000044 T C3D_Fini
001025e0 00000108 T C3D_BindProgram
001026e8 0000004c t onVBlank0
00102734 0000004c t onVBlank1
00102780 00000080 t C3Di_RenderTargetDestroy
00102800 000000f4 t onQueueFinish
001028f4 00000038 T C3Di_RenderQueueEnableVBlank
0010292c 00000030 T C3Di_RenderQueueDisableVBlank
0010295c 00000060 T C3Di_RenderQueueInit
001029bc 000000b0 T C3Di_RenderQueueExit
00102a6c 00000034 T C3Di_RenderQueueWaitDone
00102aa0 000000e4 T C3D_FrameBegin
00102b84 00000048 T C3D_FrameDrawOn
00102bcc 00000058 T C3D_FrameSplit
00102c24 000001d8 T C3D_FrameEnd
00102dfc 0000001c T C3D_FrameEndHook
00102e18 00000128 T C3D_RenderTargetCreate
00102f40 000000a8 T C3D_RenderTargetSetOutput
00102fe8 00000044 T C3D_TexBind
0010302c 0000016c T C3Di_SetTex
00103198 0000001c T C3D_CalcColorBufSize
001031b4 0000001c T C3D_CalcDepthBufSize
001031d0 00000044 T C3D_SetFrameBuf
00103214 0000016c T C3Di_FrameBufBind
00103380 000000cc T C3D_FrameBufClear
0010344c 00000044 T C3D_FrameBufTransfer
00103490 00000034 T C3D_GetTexEnv
001034c4 00000024 T C3Di_TexEnvBind
001034e8 00000070 T C3D_ProcTexInit
00103558 00000054 T C3D_ProcTexBind
001035ac 0000005c T C3D_ProcTexLutBind
00103608 000000a4 T ProcTexLut_FromArray
001036ac 0000017c T C3Di_ProcTexUpdate
00103828 00000068 T C3Di_ProcTexDirty
00103890 00000024 T BufInfo_Init
001038b4 00000080 T BufInfo_Add
00103934 00000040 T C3D_SetBufInfo
00103974 00000048 T C3Di_BufInfoBind
001039bc 00000148 T C3D_DrawArrays
00103b04 00000040 T C3D_DepthMap
00103b44 0000001c T C3D_CullFace
00103b60 00000040 T C3D_StencilTest
00103ba0 00000024 T C3D_StencilOp
00103bc4 0000001c T C3D_BlendingColor
00103be0 00000024 T C3D_EarlyDepthTest
00103c04 0000002c T C3D_DepthTest
00103c30 0000002c T C3D_AlphaTest
00103c5c 00000050 T C3D_AlphaBlend
00103cac 00000030 T C3D_FragOpMode
00103cdc 00000044 T C3D_FragOpShadow
00103d20 000001ac T C3Di_EffectBind
00103ecc 00000028 T AttrInfo_Init
00103ef4 00000098 T AttrInfo_AddLoader
00103f8c 00000054 T C3D_SetAttrInfo
00103fe0 00000080 T C3Di_AttrInfoBind
00104060 000000a8 T C3D_ImmSendAttrib
00104108 0000029c T C3D_UpdateUniforms
001043a4 000000c0 T C3Di_DirtyUniforms
00104464 000000d8 T C3Di_LoadShaderUniforms
0010453c 00000028 T C3Di_ClearShaderUniforms
00104564 000000cc T Mtx_Ortho
00104630 000000cc T Mtx_OrthoTilt
001046fc 00000024 t addrMapNodeComparator(rbtree_node const*, rbtree_node const*)
00104720 00000004 t addrMapNodeDestructor(rbtree_node*)
00104724 00000114 T vramMemAlign
00104838 00000008 T vramAlloc
00104840 0000005c T vramFree
0010489c 00000024 t addrMapNodeComparator(rbtree_node const*, rbtree_node const*)
001048c0 00000004 t addrMapNodeDestructor(rbtree_node*)
001048c4 00000120 T linearMemAlign
001049e4 00000008 T linearAlloc
001049ec 0000005c T linearFree
00104a48 00000084 T MemPool::CoalesceRight(MemBlock*)
00104acc 00000170 T MemPool::Allocate(MemChunk&, unsigned long, int)
00104c3c 000000fc T MemPool::Deallocate(MemChunk const&)
00104d38 00000084 t romfs_free
00104dbc 000000ac T romfsUnmount
00104e68 00000074 T osConvertVirtToPhys
00104edc 00000054 T osGetTimeRef
00104f30 000000e4 T osGetTime
00105014 00000074 T __libctru_gtod
00105088 00000034 T __ctru_speedup_config
001050bc 00000178 T consoleDrawChar
00105234 00000124 T consolePrintChar
00105358 00000a00 T con_write
00105d58 00000168 T consoleInit
00105ec0 000000f4 t newRow
00105fb4 000000d0 t gfxPresentFramebuffer
00106084 0000001c T gfxIsWide
001060a0 000000ec T gfxSetScreenFormat
0010618c 00000010 T gfxSetDoubleBuffering
0010619c 00000108 T gfxInit
001062a4 00000010 T gfxInitDefault
001062b4 000000b4 T gfxExit
00106368 000000a0 T gfxGetFramebuffer
00106408 0000010c T gfxFlushBuffers
00106514 00000030 T gfxScreenSwapBuffers
00106544 00000050 T gfxSwapBuffers
00106594 00000050 T gfxSwapBuffersGpu
001065e4 000001e0 T shaderInstanceInit
001067c4 00000018 T shaderInstanceGetUniformLocation
001067dc 0000001c T shaderProgramInit
001067f8 00000064 T shaderProgramFree
0010685c 00000080 T shaderProgramSetVsh
001068dc 000008c0 T shaderProgramConfigure
0010719c 000001f8 t DVLE_GenerateOutmap.part.0
00107394 000001cc T DVLB_ParseFile
00107560 00000038 T DVLB_Free
00107598 00000074 T DVLE_GetUniformRegister
0010760c 00000010 T GX_BindQueue
0010761c 00000078 T GX_ProcessCommandList
00107694 00000074 T GX_MemoryFill
00107708 00000070 T GX_DisplayTransfer
00107778 00000068 t gxCmdQueueDoCommands.part.0
001077e0 000000c8 T gxCmdQueueInterrupt
001078a8 0000004c T gxCmdQueueClear
001078f4 000000f8 T gxCmdQueueAdd
001079ec 00000080 T gxCmdQueueRun
00107a6c 00000060 T gxCmdQueueStop
00107acc 00000074 T gxCmdQueueWait
00107b40 0000013c T GPUCMD_Add
00107c7c 000000ac T GPUCMD_Split
00107d28 00000040 T f32tof16
00107d68 00000040 T f32tof24
00107da8 00000044 T f32tof31
00107dec 00000c58 t gspHardwareInit
00108a44 00000254 T gspInit
00108c98 000000f0 T gspExit
00108d88 00000010 T gspHasGpuRight
00108d98 00000098 T gspPresentBuffer
00108e30 00000030 T gspSetEventCallback
00108e60 00000050 T gspWaitForEvent
00108eb0 0000004c T gspWaitForAnyEvent
00108efc 00000160 t gspEventThreadMain
0010905c 00000130 T gspSubmitGxCommand
0010918c 00000050 T GSPGPU_FlushDataCache
001091dc 00000034 T GSPGPU_SetLcdForceBlack
00109210 00000068 T GSPGPU_AcquireRight
00109278 00000048 T GSPGPU_ReleaseRight
001092c0 0000007c T GSPGPU_ImportDisplayCaptureInfo
0010933c 0000002c T GSPGPU_SaveVramSysArea
00109368 0000002c T GSPGPU_RestoreVramSysArea
00109394 000001b0 t aptConvertScreenForCapture
00109544 00000008 W aptDspSleep
0010954c 00000004 W aptDspWakeup
00109550 00000004 W aptDspCancel
00109554 0000015c T aptSendCommand
001096b0 00000038 t aptExitProcess
001096e8 000002f0 T aptExit
001099d8 000000d8 T aptHandleSleep
00109ab0 00000030 T aptHook
00109ae0 00000030 T aptUnhook
00109b10 00000084 T APT_SleepIfShellClosed
00109b94 00000084 T aptSetSleepAllowed
00109c18 00000084 T APT_UnlockTransition
00109ca0 00000484 t aptEventHandler
0010a124 000000b0 T APT_ReceiveParameter
0010a1d4 000000b0 t aptReceiveParameter.constprop.0
0010a288 000002bc t aptScreenTransfer
0010a544 000002d0 t aptWaitForWakeUp.isra.0
0010a814 000000f8 T aptJumpToHomeMenu
0010a90c 0000004c T aptMainLoop
0010a958 00000234 T aptInit
0010ab8c 0000007c T APT_CheckNew3DS
0010ac08 00000024 W hidShouldUseIrrst
0010ac2c 0000018c T hidInit
0010adb8 000000e8 T hidExit
0010aea0 00000294 T hidScanInput
0010b134 00000010 T hidKeysHeld
0010b144 00000010 T hidKeysDown
0010b154 00000074 T ptmSysmInit
0010b1c8 0000003c T ptmSysmExit
0010b204 00000034 T PTMSYSM_ConfigureNew3DSCPU
0010b238 000000c8 T fsInit
0010b300 0000003c T fsExit
0010b33c 00000060 T fsExemptFromSession
0010b39c 00000050 T fsUnexemptFromSession
0010b3ec 000000cc T FSUSER_OpenFile
0010b4b8 000000bc T FSUSER_DeleteFile
0010b574 000000f8 T FSUSER_RenameFile
0010b66c 000000bc T FSUSER_DeleteDirectory
0010b728 000000d4 T FSUSER_CreateFile
0010b7fc 000000c4 T FSUSER_CreateDirectory
0010b8c0 000000f8 T FSUSER_RenameDirectory
0010b9b8 000000b4 T FSUSER_OpenDirectory
0010ba6c 00000094 T FSUSER_OpenArchive
0010bb00 0000008c T FSUSER_CloseArchive
0010bb8c 00000074 T FSUSER_GetSdmcArchiveResource
0010bc00 00000064 T FSUSER_IsSdmcWritable
0010bc64 00000058 T FSFILE_Read
0010bcbc 00000060 T FSFILE_Write
0010bd1c 00000038 T FSFILE_GetSize
0010bd54 00000028 T FSFILE_SetSize
0010bd7c 0000003c T FSFILE_Close
0010bdb8 00000024 T FSFILE_Flush
0010bddc 00000050 T FSDIR_Read
0010be2c 0000003c T FSDIR_Close
0010be68 00000010 T rbtree_init
0010be78 000001a0 t do_insert
0010c018 00000008 T rbtree_insert
0010c020 00000090 T rbtree_rotate
0010c0b0 00000338 T rbtree_remove
0010c3e8 00000074 T rbtree_find
0010c45c 000000e8 T utf16_to_utf8
0010c544 00000064 T decode_utf16
0010c5a8 000000c0 T utf8_to_utf16
0010c668 000001e0 W __system_allocateHeaps
0010c848 00000038 W __libctru_init
0010c880 000000f0 W __system_initArgv
0010c970 T svcControlMemory
0010c990 T svcQueryMemory
0010c9c0 T svcExitProcess
0010c9c8 T svcCreateThread
0010c9e8 T svcExitThread
0010c9f0 T svcSleepThread
0010c9f8 T svcReleaseMutex
0010ca00 T svcCreateEvent
0010ca14 T svcSignalEvent
0010ca1c T svcClearEvent
0010ca24 T svcMapMemoryBlock
0010ca2c T svcUnmapMemoryBlock
0010ca34 T svcCreateAddressArbiter
0010ca48 T svcArbitrateAddressNoTimeout
0010ca50 T svcCloseHandle
0010ca58 T svcWaitSynchronization
0010ca60 T svcWaitSynchronizationN
0010ca88 T svcDuplicateHandle
0010ca9c T svcGetSystemTick
0010caa4 T svcConnectToPort
0010cab8 T svcSendSyncRequest
0010cac0 T svcGetResourceLimit
0010cad4 T svcGetResourceLimitLimitValues
0010cadc T svcGetResourceLimitCurrentValues
0010cae4 T svcBreak
0010caec W initSystem
0010cb3c W __ctru_exit
0010cb54 T __aeabi_read_tp
0010cb60 0000000c T __sync_init
0010cb6c 00000018 T __sync_fini
0010cb84 0000002c T syncArbitrateAddress
0010cbb0 0000001c T LightLock_Init
0010cbcc 00000094 T LightLock_Lock
0010cc60 00000044 T LightLock_TryLock
0010cca4 00000040 T LightLock_Unlock
0010cce4 00000024 T RecursiveLock_Init
0010cd08 00000030 T RecursiveLock_Lock
0010cd38 00000078 T RecursiveLock_TryLock
0010cdb0 00000054 T RecursiveLock_Unlock
0010ce04 00000040 T LightEvent_Init
0010ce44 000000a4 T LightEvent_Clear
0010cee8 000000c8 T LightEvent_Signal
0010cfb0 00000058 T LightEvent_TryWait
0010d008 000000b0 T LightEvent_Wait
0010d0b8 00000084 W envGetHandle
0010d13c 00000050 W envDestroyHandles
0010d18c 00000124 T srvInit
0010d2b0 00000058 T srvExit
0010d308 00000080 T srvGetServiceHandleDirect
0010d388 00000048 T srvGetServiceHandle
0010d3d0 00000038 T srvPublishToSubscriber
0010d408 00000188 T threadCreate
0010d590 0000002c T threadFree
0010d5bc 00000024 T threadJoin
0010d5e0 00000030 T threadGetCurrent
0010d610 00000040 T threadExit
0010d650 00000044 t _thread_begin
0010d694 00000094 t mappableFindAddressWithin
0010d728 00000028 T mappableInit
0010d750 00000080 T mappableAlloc
0010d7d0 00000004 T mappableFree
0010d7d4 00000160 T irrstInit
0010d934 000000cc T irrstExit
0010da00 000000b0 T irrstScanInput
0010dab0 00000024 T irrstKeysHeld
0010dad4 0000000c T srvPmGetSessionHandle
0010dae0 00000050 T rbtree_node_next
0010db30 00000060 T encode_utf16
0010db90 000000fc T encode_utf8
0010dc8c 0000013c T decode_utf8
0010ddc8 00000030 W __appInit
0010ddf8 00000030 t __libctru_nanosleep
0010de28 00000030 t __libctru_get_reent
0010de58 000000f8 T __system_initSyscalls
0010df50 00000030 W __appExit
0010df80 00000090 W __libctru_exit
0010e010 00000014 t archive_link
0010e024 00000014 t archive_dirreset
0010e038 00000014 t archive_chmod
0010e04c 00000024 t error_cmp
0010e070 00000050 t archive_translate_error
0010e0c0 000000d4 t archive_seek
0010e194 0000007c t _archiveInit.part.0
0010e210 0000008c t archiveFindDevice.part.0
0010e29c 00000294 t archive_utf16path
0010e530 000000a0 t _archiveUnmountDeviceStruct.part.0
0010e5d0 00000014 t archive_fchmod
0010e5e4 00000014 t archive_statvfs
0010e5f8 00000158 t _archiveMountDevice
0010e750 000000e8 t archive_diropen
0010e838 000000a4 t archive_fstat
0010e8dc 0000006c t archive_close
0010e948 0000006c t archive_fsync
0010e9b4 00000070 t archive_dirclose
0010ea24 000000e8 t sdmc_statvfs
0010eb0c 00000080 t archive_ftruncate
0010eb8c 000000fc t archive_chdir
0010ec88 000000b0 t archive_read
0010ed38 000000ac t archive_unlink
0010ede4 000000c8 t archive_rmdir
0010eeac 000000ec t archive_mkdir
0010ef98 000001a8 t archive_stat
0010f140 00000184 t archive_rename
0010f2c4 00000168 t archive_dirnext
0010f42c 0000012c t archive_write
0010f558 000001f0 t archive_open
0010f748 000001a4 T archiveMountSdmc
0010f8ec 00000054 T archiveUnmountAll
0010f940 00000120 T __udivmoddi4
0010fa60 00000078 T bsearch
0010fad8 00000028 T calloc
0010fb00 000000bc T _calloc_r
0010fbbc 0000000c T __errno
0010fbc8 00000034 T exit
0010fbfc 0000003c T __libc_fini_array
0010fc38 0000007c T __libc_init_array
0010fcb4 00000028 T memalign
0010fcdc 00000150 T _memalign_r
0010fe2c 00000020 T malloc
0010fe4c 00000020 T free
0010fe6c 000007e0 T _malloc_r
0011064c 000000e0 T memchr
0011072c 0000011c T memcpy
00110848 00000118 T memset
00110960 0000000c T __malloc_lock
0011096c 0000000c T __malloc_unlock
00110978 00000034 T printf
001109ac 0000001c T srand
001109c8 00000044 T rand
00110a0c 00000260 T setvbuf
00110c6c 00000074 T sscanf
00110ce0 00000044 T __sread
00110d24 00000008 T __seofread
00110d2c 00000068 T __swrite
00110d94 00000048 T __sseek
00110ddc 00000008 T __sclose
00110de4 0000012c T strchr
00110f10 0000005c T strlen
00110f6c 000000ec T strncat
00111058 000000dc T strncmp
00111134 000000c0 T strncpy
001111f4 00000048 T strnlen
0011123c 00000050 t get_arg
0011128c 00002bbc T __ssvfscanf_r
00113e48 0000003c T time
00113e84 00000628 t get_arg
001144ac 00000030 T __sprint_r
001144dc 0000233c T _vfiprintf_r
00116818 000000d4 t __sbprintf
001168ec 00000628 t get_arg
00116f18 00003684 T _vfprintf_r
0011a59c 000000d4 t __sbprintf
0011a670 00000054 T _wcrtomb_r
0011a6c4 00000028 T _wcsrtombs_r
0011a6ec 00000154 T __swsetup_r
0011a840 00000114 T __call_exitprocs
0011a954 000001ac t quorem
0011ab00 000012cc T _dtoa_r
0011bdcc 00000258 T __sflush_r
0011c024 00000094 T _fflush_r
0011c0b8 0000000c T _cleanup_r
0011c0c4 00000184 T __sinit
0011c248 0000000c T __sfp_lock_acquire
0011c254 0000000c T __sfp_lock_release
0011c260 000000f8 T _malloc_trim_r
0011c358 000002e4 T _free_r
0011c63c 000004c0 T __sfvwrite_r
0011cafc 00000070 T _fwalk_reent
0011cb6c 00000008 T iswspace
0011cb74 0000000c T _localeconv_r
0011cb80 00000010 T __locale_mb_cur_max
0011cb90 00000138 T __smakebuf_r
0011ccc8 0000008c T __swhatbuf_r
0011cd54 00000068 T _mbrtowc_r
0011cdbc 000002e4 T __utf8_mbtowc
0011d0a0 00000154 T memmove
0011d1f4 00000088 T _Balloc
0011d27c 0000001c T _Bfree
0011d298 000000f4 T __multadd
0011d38c 00000110 T __s2b
0011d49c 00000058 T __hi0bits
0011d4f4 00000094 T __lo0bits
0011d588 000000a4 T __i2b
0011d62c 00000204 T __multiply
0011d830 00000120 T __pow5mult
0011d950 0000013c T __lshift
0011da8c 00000058 T __mcmp
0011dae4 000001cc T __mdiff
0011dcb0 00000074 T __ulp
0011dd24 000000d0 T __b2d
0011ddf4 00000124 T __d2b
0011df18 00000078 T __ratio
0011df90 00000088 T __copybits
0011e018 0000005c T __any_on
0011e074 00000028 T realloc
0011e09c 00000558 T _realloc_r
0011e5f4 000000e4 T __sccl
0011e6d8 0000000c T nanf
0011e6e8 000000a8 T frexp
0011e790 00000064 T sprintf
0011e7f4 000000b8 T stpncpy
0011e8b0 00001368 T _strtod_l
0011fc18 0000000c T _strtod_r
0011fc24 0000022c t _strtoll_l.constprop.0
0011fe50 00000004 T _strtoll_r
0011fe54 000001a4 t _strtol_l.part.0
0011fff8 0000003c T _strtol_r
00120034 00000244 t _strtoull_l.constprop.0
00120278 00000004 T _strtoull_r
0012027c 000001c4 t _strtoul_l.constprop.0
00120440 00000004 T _strtoul_r
00120444 00000190 T __ssprint_r
001205d4 000000e0 T _sungetc_r
001206b4 0000006c T __ssrefill_r
00120720 000000c8 T _sfread_r
001207e8 00000628 t get_arg
00120e10 000035b8 T _svfprintf_r
001243c8 000000a8 T __submore
00124470 00000190 T _wcsnrtombs_l
00124600 0000004c T _wcsnrtombs_r
0012464c 000000f0 T __utf8_wctomb
0012473c 00000054 T __assert_func
00124790 00000160 T _fclose_r
001248f0 0000003c T fiprintf
0012492c 000000ec t rshift
00124a18 00000904 T __gethex
0012531c 0000004c T __match
00125368 0000029c T __hexnan
00125604 0000003c T iswspace_l
00125640 000001d4 t __jp2uc
00125814 0000009c T _jp2uc_l
001258b0 00000010 T nan
001258c0 00000014 T abort
001258d4 00000084 T category
00125958 00000098 T _raise_r
001259f0 00000020 T raise
00125a10 00000008 t null_write
00125a18 00000018 T setDefaultDevice
00125a30 000000c8 T FindDevice
00125af8 00000028 T RemoveDevice
00125b20 0000009c T AddDevice
00125bbc 00000020 T GetDeviceOpTab
00125bdc 00000078 T _fstat_r
00125c54 00000014 T _getpid_r
00125c68 00000038 T _gettimeofday_r
00125ca0 00000008 T _isatty_r
00125ca8 00000014 T _kill_r
00125cbc 00000084 T _lseek_r
00125d40 00000080 T _read_r
00125dc0 00000078 T _sbrk_r
00125e38 00000080 T _write_r
00125eb8 00000024 T _exit
00125edc 000001b8 T _concatenate_path
00126094 00000160 T chdir
001261f4 00000008 T __flockfile
001261fc 00000008 T __funlockfile
00126204 00000018 T __libc_lock_acquire
0012621c 00000018 T __libc_lock_release
00126234 00000018 T __libc_lock_init_recursive
0012624c 00000018 T __libc_lock_acquire_recursive
00126264 00000018 T __libc_lock_release_recursive
0012627c 00000018 T __libc_lock_close_recursive
00126294 0000003c T __get_handle
001262d0 000000f4 T _close_r
001263c4 00000028 T __getreent
001263ec 00000038 T __aeabi_d2lz
001263ec 00000038 T __fixdfdi
00126428 00000040 T __aeabi_d2ulz
00126428 00000040 T __fixunsdfdi
00126468 00000044 T strrchr
001264ac T _fini
00127068 R render2d_shbin
001271f4 R render2d_shbin_end
001271f4 R render2d_shbin_size
001271f8 00000005 r colorFmtSizes
00127200 00000004 r depthFmtSizes
00127204 00000010 r CSWTCH.9
00127278 00000030 r colorTable
001272a8 00000070 r dotab_stdout
0012733c 00000008 r morton_x.3
00127344 00000008 r morton_y.2
0012734c 00000008 r s_sleepWakeEvents.4
00127380 R default_font_bin
00127b80 R default_font_bin_end
00127bac 00000070 r archive_devoptab
00127c1c 00000030 r error_table
00127c4c 00000004 R _global_impure_ptr
00127c58 00000022 r basefix.0
00127ca4 00000010 r blanks.1
00127cb4 00000010 r zeroes.0
00127cd8 00000010 r blanks.1
00127ce8 00000010 r zeroes.0
00127cf8 00000101 R _ctype_
00127e0c r .LC2
00127ef0 00000028 R __mprec_bigtens
00127f18 000000c8 R __mprec_tens
00127fe0 0000000c r p05.0
00127ffc 00000014 r fpi.1
00128010 00000014 r fpinan.0
00128028 00000028 r tinytens
00128050 0000006c R __action_table
001280bc 00000100 R __chclass
001281bc 0000006c R __state_table
00128228 00000010 r blanks.1
00128238 00000010 r zeroes.0
001282d0 00000100 R __hexdig
001283e4 000000bc r a1
001284a0 000000bc r a2
0012855c 0000005b r a3
001285b8 00000070 r a6
00128628 000000a2 r a7
001286cc 00000040 r a8
0012870c 0000172a r b02cf
00129e38 00001a7c r d02f4
0012b8b4 0000000c R _C_numeric_locale
0012b8c0 000031e6 r categories
0012eaa8 00000070 R dotab_stdnull
0012eb18 r 
0012eb18 R __exidx_end
0012eb18 R __exidx_start
0012f000 00000004 d framerate
0012f004 00000008 d framerateCounter
0012f00c 00000004 D currentConsole
0012f010 0000004c D defaultConsole
0012f05c 00000001 d firstConsoleInit.0
0012f060 00000004 d queueLock
0012f064 00000004 d kCount
0012f068 00000004 d kDelay
0012f06c 00000004 d kInterval
0012f070 W __stacksize__
0012f074 00000004 D _impure_ptr
0012f078 00000460 d impure_data
0012f4d8 00000408 D __malloc_av_
0012f8e0 00000004 D __malloc_sbrk_base
0012f8e4 00000004 D __malloc_trim_threshold
0012f8e8 0000000c d __malloc_recursive_mutex
0012f8f4 0000000c D __atexit_recursive_mutex
0012f900 0000000c d __sfp_recursive_mutex
0012f90c 0000000c d __sinit_recursive_mutex
0012f918 0000016c D __global_locale
0012fa84 00000002 d numempty
0012fa88 00000004 d defaultDevice
0012fa8c 0000008c D devoptab_list
0012fb18 00000400 d _current_working_directory
0012ff18 00000004 d __hndl_lock
0012ff1c 0000000c d __stderr_handle
0012ff28 0000000c d __stdin_handle
0012ff34 0000000c d __stdout_handle
0012ff40 00001000 d handles
00130f48 d _GLOBAL_OFFSET_TABLE_
00130f54 d __frame_dummy_init_array_entry
00130f54 D __init_array_start
00130f54 B __preinit_array_end
00130f54 B __preinit_array_start
00130f54 D __tdata_lma
00130f54 D __tdata_lma_end
00130f58 d __do_global_dtors_aux_fini_array_entry
00130f58 D __fini_array_start
00130f58 D __init_array_end
00130f5c D __bss_start__
00130f5c D __fini_array_end
00130f5c b completed.1
00130f60 b object.0
00130f78 000005a0 B __C2Di_Context
00131518 00000040 b s_projBot
00131558 00000040 b s_projTop
00131598 00000004 b uLoc_mdlvMtx
0013159c 00000004 b uLoc_projMtx
001315a0 000002d0 B __C3D_Context
00131870 0000000c b hookCookie
00131880 00000010 b cpuTime
00131890 00000004 b firstTarget
00131894 00000008 b frameCounter
0013189c 00000004 b frameEndCb
001318a0 00000004 b frameEndCbData
001318a8 00000010 b gpuTime
001318b8 00000001 b inFrame
001318b9 00000001 b inSafeTransfer
001318ba 00000001 b isTopStereo
001318bc 00000004 b lastTarget
001318c0 0000000c b linkedTarget
001318cc 00000001 b measureGpuTime
001318cd 00000001 b needSwapBot
001318ce 00000001 b needSwapTop
001318d0 00000004 B C3D_BoolUnifs
001318d4 00000002 B C3D_BoolUnifsDirty
001318d8 00000c00 B C3D_FVUnif
001324d8 000000c0 B C3D_FVUnifDirty
00132598 00000020 B C3D_IVUnif
001325b8 00000008 B C3D_IVUnifDirty
001325c0 000000c0 b C3Di_FVUnifEverDirty
00132680 00000008 b C3Di_IVUnifEverDirty
00132688 00000018 b C3Di_ShaderFVecData
001326a0 0000000c b sAddrMap
001326ac 00000008 b sVramPool
001326b4 00000008 b sLinearPool
001326bc 0000000c b sAddrMap
001326c8 00000004 b romfs_mount_list
001326cc 00000001 V __ctru_speedup
001326d0 0000004c B currentCopy
0013271c 00000004 b gfxBottomFramebufferMaxSize
00132720 00000008 b gfxBottomFramebuffers
00132728 00000002 b gfxCurBuf
0013272c 00000002 b gfxFramebufferFormats
00132730 00000002 b gfxIsDoubleBuf
00132732 00000001 b gfxIsVram
00132734 00000004 b gfxTopFramebufferMaxSize
00132738 00000008 b gfxTopFramebuffers
00132740 00000001 b gfxTopMode
00132744 00000004 b screenAlloc
00132748 00000004 b screenFree
0013274c 00000004 b boundQueue
00132750 00000004 b curQueue
00132754 00000001 b isActive
00132755 00000001 b isRunning
00132756 00000001 b shouldStop
00132758 00000004 B gpuCmdBuf
0013275c 00000004 B gpuCmdBufOffset
00132760 00000004 B gpuCmdBufSize
00132764 00000004 b gspEvent
00132768 0000001c b gspEventCb
00132784 0000001c b gspEventCbData
001327a0 00000007 b gspEventCbOneShot
001327a8 00000004 b gspEventThread
001327ac 00000038 b gspEvents
001327e4 00000004 b gspGpuHandle
001327e8 00000001 b gspGpuRight
001327ec 00000004 b gspLastEvent
001327f0 00000004 b gspRefCount
001327f4 00000001 b gspRunEvents
001327f8 00000004 b gspSharedMem
001327fc 00000004 b gspSharedMemHandle
00132800 00000001 b gspThreadId
00132801 00000001 b aptChainloadFlags
00132802 00000001 b aptChainloadMediatype
00132808 00000008 b aptChainloadTid
00132810 00000004 b aptEventHandlerThread
00132814 00000001 b aptEventHandlerThreadQuit
00132818 00000008 b aptEvents
00132820 0000000c b aptFirstHook
0013282c 00000004 b aptFlags
00132830 00000001 b aptHomeButtonState
00132834 00000004 b aptLockHandle
00132838 00000004 b aptMessageFunc
0013283c 00000004 b aptMessageFuncData
00132840 00001000 b aptParameters
00133840 00000008 b aptReceiveEvent
00133848 00000004 b aptRefCount
0013384c 00000008 b aptSleepEvent
00133854 00000001 b flagInit.1
00133855 00000001 b flagValue.0
00133858 00000004 b serviceName.6
0013385c 00000006 b aVec
00133864 00000004 b cPos
00133868 00000006 b gRate
00133870 00000014 B hidEvents
00133884 00000004 B hidHandle
00133888 00000004 B hidMemHandle
0013388c 00000004 b hidRefCount
00133890 00000004 B hidSharedMem
00133894 00000004 b kDown
00133898 00000004 b kHeld
0013389c 00000004 b kOld
001338a0 00000004 b kRepeat
001338a4 00000004 b kUp
001338a8 00000004 b tPos
001338ac 00000001 b usingIrrst
001338b0 00000004 b ptmSysmHandle
001338b4 00000004 b ptmSysmRefCount
001338b8 00000080 b fsExemptArchives
00133938 00000004 b fsuHandle
0013393c 00000004 b fsuRefCount
00133940 00000004 B __ctru_heap
00133944 00000004 V __ctru_heap_size
00133948 00000004 B __ctru_linear_heap
0013394c 00000004 V __ctru_linear_heap_size
00133950 00000004 B __system_retAddr
00133954 00000004 B __system_argc
00133958 00000004 B __system_argv
0013395c b saved_stack
00133964 00000004 b arbiter
00133968 00000004 b srvHandle
0013396c 00000004 b srvRefCount
00133970 00000004 b currentAddr
00133974 00000004 b maxAddr
00133978 00000004 b minAddr
0013397c 00000004 b csPos
00133980 00000004 B irrstEvent
00133984 00000004 B irrstHandle
00133988 00000004 B irrstMemHandle
0013398c 00000004 b irrstRefCount
00133990 00000004 B irrstSharedMem
00133994 00000004 b kHeld
00133998 00000004 b srvPmHandle
0013399c 00000004 b archive_device_cwd
001339a0 00000540 b archive_devices
00133ee0 00000001 b archive_initialized
00133ee4 00000028 B __malloc_current_mallinfo
00133f0c 00000004 B __malloc_max_sbrked_mem
00133f10 00000004 B __malloc_max_total_mem
00133f14 00000004 B __malloc_top_pad
00133f18 00000004 b heap_start.0
00133f1c 00000004 B fake_heap_end
00133f20 00000004 B fake_heap_start
00133f24 00000400 b temp_cwd
00134324 00000048 B __syscalls
0013436c B __tls_start
00134f74 B __bss_end__
00134f74 A __end__
00134f74 B __tls_end
